<?xml version="1.0" encoding="UTF-8"?>
<!-- Generated by org.testng.reporters.JUnitReportReporter -->
<testsuite hostname="DESKTOP-UH8SJ1P" failures="0" tests="1" name="TestSuite.AllTest" time="36.992" errors="0" timestamp="2023-07-19T17:26:58 IST" skipped="0">
  <testcase classname="TestSuite.AllTest" name="test" time="36.992"/>
</testsuite> <!-- TestSuite.AllTest -->
