<?xml version="1.0" encoding="UTF-8"?>
<!-- Generated by org.testng.reporters.JUnitReportReporter -->
<testsuite hostname="DESKTOP-UH8SJ1P" failures="0" tests="1" name="TestSuite.SmokeTest" time="0.202" errors="0" timestamp="2023-07-08T19:27:26 IST" skipped="0">
  <testcase classname="TestSuite.SmokeTest" name="testing" time="0.202"/>
</testsuite> <!-- TestSuite.SmokeTest -->
